1548885574300	geckodriver	INFO	geckodriver 0.20.0
1548885574311	geckodriver	INFO	Listening on 127.0.0.1:51122
1548885577338	mozrunner::runner	INFO	Running command: "C:\\Program Files\\Mozilla Firefox\\firefox.exe" "-marionette" "-profile" "C:\\Users\\Tomasz\\AppData\\Local\\Temp\\rust_mozprofile.CroAIMiaUQbr"
1548885578129	addons.webextension.screenshots@mozilla.org	WARN	Loading extension 'screenshots@mozilla.org': Reading manifest: Invalid host permission: resource://pdf.js/
1548885578129	addons.webextension.screenshots@mozilla.org	WARN	Loading extension 'screenshots@mozilla.org': Reading manifest: Invalid host permission: about:reader*
1548885578285	Marionette	TRACE	Received observer notification profile-after-change
1548885578849	Marionette	TRACE	Received observer notification toplevel-window-ready
1548885578884	Marionette	TRACE	Received observer notification command-line-startup
1548885578884	Marionette	TRACE	Received observer notification nsPref:changed
1548885578884	Marionette	DEBUG	Init aborted (running=false, enabled=true, finalUIStartup=false)
1548885580005	Marionette	TRACE	Received observer notification toplevel-window-ready
1548885582140	Marionette	TRACE	Received observer notification sessionstore-windows-restored
1548885582141	Marionette	TRACE	Waiting until startup recorder finished recording startup scripts...
1548885582218	Marionette	TRACE	All scripts recorded.
1548885582218	Marionette	DEBUG	Setting recommended pref app.update.disabledForTesting to true
1548885582218	Marionette	DEBUG	Setting recommended pref browser.contentblocking.introCount to 99
1548885582219	Marionette	DEBUG	Setting recommended pref browser.newtabpage.enabled to false
1548885582219	Marionette	DEBUG	Setting recommended pref datareporting.policy.dataSubmissionPolicyAccepted to false
1548885582219	Marionette	DEBUG	Setting recommended pref dom.disable_beforeunload to true
1548885582220	Marionette	DEBUG	Setting recommended pref toolkit.cosmeticAnimations.enabled to false
1548885582253	Marionette	INFO	Listening on port 51130
1548885582253	Marionette	DEBUG	Remote service is active
1548885583007	Marionette	DEBUG	Accepted connection 0 from 127.0.0.1:51148
1548885583015	Marionette	DEBUG	0 -> [0,1,"newSession",{"acceptInsecureCerts":true,"browserName":"firefox","capabilities":{"desiredCapabilities":{"acceptInsecureCerts":true,"browserName":"firefox"}}}]
1548885583016	Marionette	DEBUG	0 <- [1,1,{"error":"unknown command","message":"newSession","stacktrace":"WebDriverError@chrome://marionette/content/error.js:179: ... et@chrome://marionette/content/server.js:236:8\n_onJSONObjectReady/<@chrome://marionette/content/transport.js:490:9\n"},null]
1548885610338	Marionette	DEBUG	Closed connection 0
[Child 3980, Chrome_ChildThread] WARNING: pipe error: 109: file z:/build/build/src/ipc/chromium/src/chrome/common/ipc_channel_win.cc, line 332
[Child 3980, Chrome_ChildThread] WARNING: [Parent 3840, Gecko_IOThread] WARNING: pipe error: 109: file z:/build/build/src/ipc/chromium/src/chrome/common/ipc_channel_win.cc, line 332
[Child 8164, Chrome_ChildThread] WARNING: pipe error: 109: file z:/build/build/src/ipc/chromium/src/chrome/common/ipc_channel_win.cc, line 332
[Child 8164, Chrome_ChildThread1548885611461	Marionette	TRACE	Received observer notification xpcom-will-shutdown
1548885611461	Marionette	DEBUG	Resetting recommended pref app.update.disabledForTesting
1548885611462	Marionette	DEBUG	Resetting recommended pref browser.contentblocking.introCount
1548885611462	Marionette	DEBUG	Resetting recommended pref browser.newtabpage.enabled
1548885611462	Marionette	DEBUG	Resetting recommended pref datareporting.policy.dataSubmissionPolicyAccepted
1548885611462	Marionette	DEBUG	Resetting recommended pref dom.disable_beforeunload
1548885611463	Marionette	DEBUG	Resetting recommended pref toolkit.cosmeticAnimations.enabled
1548885611463	Marionette	INFO	Stopped listening on port 51130
1548885611463	Marionette	DEBUG	Remote service is inactive
[GPU
###!!! [Child][MessageChannel::SendAndWait] Error: Channel error: cannot send/recv

1548885611738	geckodriver::marionette	ERROR	Failed to stop browser process
1548885614736	geckodriver	INFO	geckodriver 0.20.0
1548885614745	geckodriver	INFO	Listening on 127.0.0.1:51165
1548885617818	mozrunner::runner	INFO	Running command: "C:\\Program Files\\Mozilla Firefox\\firefox.exe" "-marionette" "-profile" "C:\\Users\\Tomasz\\AppData\\Local\\Temp\\rust_mozprofile.4Zw1fnU2XBEC"
1548885618213	addons.webextension.screenshots@mozilla.org	WARN	Loading extension 'screenshots@mozilla.org': Reading manifest: Invalid host permission: resource://pdf.js/
1548885618214	addons.webextension.screenshots@mozilla.org	WARN	Loading extension 'screenshots@mozilla.org': Reading manifest: Invalid host permission: about:reader*
1548885618329	Marionette	TRACE	Received observer notification profile-after-change
1548885618730	Marionette	TRACE	Received observer notification toplevel-window-ready
1548885618836	Marionette	TRACE	Received observer notification command-line-startup
1548885618836	Marionette	TRACE	Received observer notification nsPref:changed
1548885618836	Marionette	DEBUG	Init aborted (running=false, enabled=true, finalUIStartup=false)
1548885619635	Marionette	TRACE	Received observer notification toplevel-window-ready
1548885621264	Marionette	TRACE	Received observer notification sessionstore-windows-restored
1548885621265	Marionette	TRACE	Waiting until startup recorder finished recording startup scripts...
1548885621346	Marionette	TRACE	All scripts recorded.
1548885621346	Marionette	DEBUG	Setting recommended pref app.update.disabledForTesting to true
1548885621346	Marionette	DEBUG	Setting recommended pref browser.contentblocking.introCount to 99
1548885621346	Marionette	DEBUG	Setting recommended pref browser.newtabpage.enabled to false
1548885621347	Marionette	DEBUG	Setting recommended pref datareporting.policy.dataSubmissionPolicyAccepted to false
1548885621347	Marionette	DEBUG	Setting recommended pref dom.disable_beforeunload to true
1548885621347	Marionette	DEBUG	Setting recommended pref toolkit.cosmeticAnimations.enabled to false
1548885621380	Marionette	INFO	Listening on port 51173
1548885621380	Marionette	DEBUG	Remote service is active
1548885621539	Marionette	DEBUG	Accepted connection 0 from 127.0.0.1:51187
1548885621540	Marionette	DEBUG	0 -> [0,1,"newSession",{"acceptInsecureCerts":true,"browserName":"firefox","capabilities":{"desiredCapabilities":{"acceptInsecureCerts":true,"browserName":"firefox"}}}]
1548885621541	Marionette	DEBUG	0 <- [1,1,{"error":"unknown command","message":"newSession","stacktrace":"WebDriverError@chrome://marionette/content/error.js:179: ... et@chrome://marionette/content/server.js:236:8\n_onJSONObjectReady/<@chrome://marionette/content/transport.js:490:9\n"},null]
[Child 10696, Chrome_ChildThread] WARNING: pipe error: 109: file z:/build/build/src/ipc/chromium/src/chrome/common/ipc_chann[Pael_win.cc, linerent 4492, Gecko _IO3Thread]3 WARNING:2 
pipe error:[ 1C0hild 10699: fil6, Chrome_Chile z:/build/build/src/ipc/chromium/src/chrome/common/ipc_channel_win.cc, line 332
1548885650458	Marionette	DEBUG	Closed connection 0
[Parent 4492, Gecko_IOThread] WARNING: pipe error: 109: file z:/build/build/src/ipc/chromium/src/chrome/common/ipc_channel_win.cc, line 332
[Child 11140, Chrome_ChildThread] WARNING: pipe error: 109: file z:/build/build/src/ipc/chromium/src/chrome/common/ipc_channel_win.cc, line 332
[Child 11140, Chrome_ChildThread] WARNING: pipe error: 11548885651489	Marionette	TRACE	Received observer notification xpcom-will-shutdown
1548885651490	Marionette	DEBUG	Resetting recommended pref app.update.disabledForTesting
1548885651490	Marionette	DEBUG	Resetting recommended pref browser.contentblocking.introCount
1548885651490	Marionette	DEBUG	Resetting recommended pref browser.newtabpage.enabled
1548885651490	Marionette	DEBUG	Resetting recommended pref datareporting.policy.dataSubmissionPolicyAccepted
1548885651490	Marionette	DEBUG	Resetting recommended pref dom.disable_beforeunload
1548885651490	Marionette	DEBUG	Resetting recommended pref toolkit.cosmeticAnimations.enabled
1548885651491	Marionette	INFO	Stopped listening on port 51173
1548885651491	Marionette	DEBUG	Remote service is inactive

###!!! [Child][RunMessage] Error: Channel closing: too late to send/recv, messages will be lost

[
###!!! [Child][MessageChannel::SendAndWait] Error: Channel error: cannot send/recv

1548885651853	geckodriver::marionette	ERROR	Failed to stop browser process
1548885844965	geckodriver	INFO	geckodriver 0.20.0
1548885844975	geckodriver	INFO	Listening on 127.0.0.1:51705
1548885848312	mozrunner::runner	INFO	Running command: "C:\\Program Files\\Mozilla Firefox\\firefox.exe" "-marionette" "-profile" "C:\\Users\\Tomasz\\AppData\\Local\\Temp\\rust_mozprofile.21ib4vQE2xU7"
1548885848753	addons.webextension.screenshots@mozilla.org	WARN	Loading extension 'screenshots@mozilla.org': Reading manifest: Invalid host permission: resource://pdf.js/
1548885848754	addons.webextension.screenshots@mozilla.org	WARN	Loading extension 'screenshots@mozilla.org': Reading manifest: Invalid host permission: about:reader*
1548885848859	Marionette	TRACE	Received observer notification profile-after-change
1548885849221	Marionette	TRACE	Received observer notification toplevel-window-ready
1548885849263	Marionette	TRACE	Received observer notification command-line-startup
1548885849263	Marionette	TRACE	Received observer notification nsPref:changed
1548885849263	Marionette	DEBUG	Init aborted (running=false, enabled=true, finalUIStartup=false)
1548885850269	Marionette	TRACE	Received observer notification toplevel-window-ready
1548885851589	Marionette	TRACE	Received observer notification sessionstore-windows-restored
1548885851590	Marionette	TRACE	Waiting until startup recorder finished recording startup scripts...
1548885851763	Marionette	TRACE	All scripts recorded.
1548885851763	Marionette	DEBUG	Setting recommended pref app.update.disabledForTesting to true
1548885851763	Marionette	DEBUG	Setting recommended pref browser.contentblocking.introCount to 99
1548885851763	Marionette	DEBUG	Setting recommended pref browser.newtabpage.enabled to false
1548885851764	Marionette	DEBUG	Setting recommended pref datareporting.policy.dataSubmissionPolicyAccepted to false
1548885851764	Marionette	DEBUG	Setting recommended pref dom.disable_beforeunload to true
1548885851764	Marionette	DEBUG	Setting recommended pref toolkit.cosmeticAnimations.enabled to false
1548885851798	Marionette	INFO	Listening on port 51713
1548885851798	Marionette	DEBUG	Remote service is active
1548885852003	Marionette	DEBUG	Accepted connection 0 from 127.0.0.1:51752
1548885852004	Marionette	DEBUG	0 -> [0,1,"newSession",{"acceptInsecureCerts":true,"browserName":"firefox","capabilities":{"desiredCapabilities":{"acceptInsecureCerts":true,"browserName":"firefox"}}}]
1548885852004	Marionette	DEBUG	0 <- [1,1,{"error":"unknown command","message":"newSession","stacktrace":"WebDriverError@chrome://marionette/content/error.js:179: ... et@chrome://marionette/content/server.js:236:8\n_onJSONObjectReady/<@chrome://marionette/content/transport.js:490:9\n"},null]
[Parent 9332, Gecko_IOThread] WARNING: pipe error: 109: file z:/build/build/src/ipc/chromium/src/chrome/common/ipc_channel_win.cc, line 332
[Child 3416, Chrome_ChildThread] WARNING: pipe error: 109: file z:/build/build/src/ipc/chromium/src/chrome/common/ipc_channel_win.cc, line 332
[Child 3416, Chrome_ChildThread] WARNING: pipe error: 109: file z:/build/build/src/ipc/chromium/src/chrome/common/ipc_channel_win.cc, line 332
[Parent 9332, Gecko_IOThread] WARNING: file z:/build/build/src/ipc/chromium/src/base/process_util_win.cc, line 166
1548885857147	Marionette	DEBUG	Closed connection 0
[Parent 9332, Gecko_IOThread] WARNING: pipe error: 109: file z:/build/build/src/ipc/chromium/src/chrome/common/ipc_channel_win.cc, line 332
1548885858745	Marionette	TRACE	Received observer notification xpcom-will-shutdown
1548885858745	Marionette	DEBUG	Resetting recommended pref app.update.disabledForTesting
1548885858745	Marionette	DEBUG	Resetting recommended pref browser.contentblocking.introCount
1548885858745	Marionette	DEBUG	Resetting recommended pref browser.newtabpage.enabled
1548885858745	Marionette	DEBUG	Resetting recommended pref datareporting.policy.dataSubmissionPolicyAccepted
1548885858745	Marionette	DEBUG	Resetting recommended pref dom.disable_beforeunload
1548885858745	Marionette	DEBUG	Resetting recommended pref toolkit.cosmeticAnimations.enabled
1548885858746	Marionette	INFO	Stopped listening on port 51713
1548885858746	Marionette	DEBUG	Remote service is inactive

###!!! [Child][MessageChannel::SendAndWait] Error: Channel error: cannot send/recv

1548885859095	geckodriver::marionette	ERROR	Failed to stop browser process
